/*C5*/SET SCHEMA PUBLIC
DELETE FROM CARTITEM WHERE ID=45
INSERT INTO CARTITEM VALUES(45,2,88,4)
COMMIT
INSERT INTO CARTITEM VALUES(46,1,88,2)
COMMIT
/*C4*/SET SCHEMA PUBLIC
DELETE FROM CART WHERE ID=88
INSERT INTO CART VALUES(88,'unpaid','gabe@gabe.com',2)
COMMIT
/*C3*/SET SCHEMA PUBLIC
DELETE FROM CART WHERE ID=88
INSERT INTO CART VALUES(88,'unpaid','gabe@gabe.com',2)
COMMIT
DELETE FROM CART WHERE ID=88
INSERT INTO CART VALUES(88,'unpaid','gabe@gabe.com',NULL)
COMMIT
/*C4*/DELETE FROM CART WHERE ID=88
INSERT INTO CART VALUES(88,'unpaid','gabe@gabe.com',2)
COMMIT
/*C3*/DELETE FROM CART WHERE ID=88
INSERT INTO CART VALUES(88,'unpaid','gabe@gabe.com',NULL)
COMMIT
/*C4*/DELETE FROM CART WHERE ID=88
INSERT INTO CART VALUES(88,'unpaid','gabe@gabe.com',2)
COMMIT
/*C6*/SET SCHEMA PUBLIC
DELETE FROM CART WHERE ID=88
INSERT INTO CART VALUES(88,'unpaid','gabe@gabe.com',NULL)
COMMIT
/*C7*/SET SCHEMA PUBLIC
DELETE FROM CART WHERE ID=88
INSERT INTO CART VALUES(88,'unpaid','gabe@gabe.com',2)
COMMIT
/*C5*/DELETE FROM CART WHERE ID=88
INSERT INTO CART VALUES(88,'unpaid','gabe@gabe.com',NULL)
COMMIT
/*C4*/DELETE FROM CART WHERE ID=88
INSERT INTO CART VALUES(88,'unpaid','gabe@gabe.com',2)
COMMIT
/*C5*/DELETE FROM CART WHERE ID=88
INSERT INTO CART VALUES(88,'unpaid','gabe@gabe.com',NULL)
COMMIT
/*C4*/DELETE FROM CART WHERE ID=88
INSERT INTO CART VALUES(88,'unpaid','gabe@gabe.com',2)
COMMIT
DELETE FROM CART WHERE ID=88
INSERT INTO CART VALUES(88,'unpaid','gabe@gabe.com',NULL)
COMMIT
/*C5*/DELETE FROM CART WHERE ID=88
INSERT INTO CART VALUES(88,'unpaid','gabe@gabe.com',2)
COMMIT
/*C7*/DELETE FROM CART WHERE ID=88
INSERT INTO CART VALUES(88,'unpaid','gabe@gabe.com',NULL)
COMMIT
/*C5*/DELETE FROM CART WHERE ID=88
INSERT INTO CART VALUES(88,'unpaid','gabe@gabe.com',2)
COMMIT
/*C3*/DELETE FROM CART WHERE ID=88
INSERT INTO CART VALUES(88,'unpaid','gabe@gabe.com',NULL)
COMMIT
/*C8*/SET SCHEMA PUBLIC
DELETE FROM CART WHERE ID=88
INSERT INTO CART VALUES(88,'unpaid','gabe@gabe.com',2)
COMMIT
/*C6*/DELETE FROM CART WHERE ID=88
INSERT INTO CART VALUES(88,'unpaid','gabe@gabe.com',NULL)
COMMIT
/*C8*/DELETE FROM CART WHERE ID=88
INSERT INTO CART VALUES(88,'unpaid','gabe@gabe.com',2)
COMMIT
/*C6*/DELETE FROM CART WHERE ID=88
INSERT INTO CART VALUES(88,'unpaid','gabe@gabe.com',NULL)
COMMIT
/*C10*/SET SCHEMA PUBLIC
DISCONNECT
/*C12*/SET SCHEMA PUBLIC
DISCONNECT
/*C7*/DISCONNECT
/*C6*/DISCONNECT
/*C8*/DISCONNECT
/*C5*/DISCONNECT
/*C9*/SET SCHEMA PUBLIC
DISCONNECT
/*C4*/DISCONNECT
/*C3*/DISCONNECT
/*C11*/SET SCHEMA PUBLIC
DISCONNECT
/*C13*/SET SCHEMA PUBLIC
DELETE FROM CART WHERE ID=88
INSERT INTO CART VALUES(88,'unpaid','gabe@gabe.com',2)
COMMIT
/*C14*/SET SCHEMA PUBLIC
DELETE FROM CART WHERE ID=88
INSERT INTO CART VALUES(88,'unpaid','gabe@gabe.com',NULL)
COMMIT
/*C16*/SET SCHEMA PUBLIC
DELETE FROM CART WHERE ID=88
INSERT INTO CART VALUES(88,'unpaid','gabe@gabe.com',2)
COMMIT
/*C13*/DELETE FROM CART WHERE ID=88
INSERT INTO CART VALUES(88,'unpaid','gabe@gabe.com',NULL)
COMMIT
/*C15*/SET SCHEMA PUBLIC
DELETE FROM CART WHERE ID=88
INSERT INTO CART VALUES(88,'paid','gabe@gabe.com',NULL)
COMMIT
